/bin/sh: 1: /home/ubuntu/venv/aurora/bin/python3: not found
KP 5 detected: False
KP 7 detected: False
Email sent with subject: [Urgent Aurora Report] A remarkable aurora might happen in the next 3 days
KP 5 detected: False
KP 7 detected: False
Email sent with subject: [Urgent Aurora Report] A remarkable aurora might happen in the next 3 days
KP 5 detected: False
KP 7 detected: False
Email sent with subject: [Aurora Report] A kp5+ forecast has been detected for the next days
Email sent with subject: [Aurora Report] A kp5+ forecast has been detected for the next days
KP 5 detected: False
KP 7 detected: False
KP 5 detected: False
KP 7 detected: False
KP 5 detected: False
KP 7 detected: False
KP 5 detected: False
KP 7 detected: False
KP 5 detected: False
KP 7 detected: False
KP 5 detected: False
KP 7 detected: False
Weekly report email sent to optimus.pascal.yin@gmail.com
KP 5 detected: False
KP 7 detected: False
KP 5 detected: False
KP 7 detected: False
KP 5 detected: False
KP 7 detected: False
KP 5 detected: False
KP 7 detected: False
KP 5 detected: False
KP 7 detected: False
KP 5 detected: False
KP 7 detected: False
Traceback (most recent call last):
  File "/home/ubuntu/projects/aurora/forecast_tracker.py", line 245, in <module>
    weather_report_txt = weather_query.main()
                         ^^^^^^^^^^^^^^^^^^^^
  File "/home/ubuntu/projects/aurora/weather_query.py", line 117, in main
    locations = load_locations("./locations.json")
                ^^^^^^^^^^^^^^^^^^^^^^^^^^^^^^^^^^
  File "/home/ubuntu/projects/aurora/weather_query.py", line 10, in load_locations
    with open(file_path, "r") as file:
         ^^^^^^^^^^^^^^^^^^^^
FileNotFoundError: [Errno 2] No such file or directory: './locations.json'
KP 5 detected: True
KP 7 detected: False
Traceback (most recent call last):
  File "/home/ubuntu/projects/aurora/forecast_tracker.py", line 245, in <module>
    weather_report_txt = weather_query.main()
                         ^^^^^^^^^^^^^^^^^^^^
  File "/home/ubuntu/projects/aurora/weather_query.py", line 117, in main
    locations = load_locations("./locations.json")
                ^^^^^^^^^^^^^^^^^^^^^^^^^^^^^^^^^^
  File "/home/ubuntu/projects/aurora/weather_query.py", line 10, in load_locations
    with open(file_path, "r") as file:
         ^^^^^^^^^^^^^^^^^^^^
FileNotFoundError: [Errno 2] No such file or directory: './locations.json'
KP 5 detected: True
KP 7 detected: False
Email sent with subject: [Aurora Report] A kp5+ forecast has been detected for the next days
Email sent with subject: [Aurora Report] A kp5+ forecast has been detected for the next days
KP 5 detected: True
KP 7 detected: False
Email sent with subject: [Aurora Report] A kp5+ forecast has been detected for the next days
Email sent with subject: [Aurora Report] A kp5+ forecast has been detected for the next days
KP 5 detected: True
KP 7 detected: False
Email sent with subject: [Aurora Report] A kp5+ forecast has been detected for the next days
Email sent with subject: [Aurora Report] A kp5+ forecast has been detected for the next days
KP 5 detected: False
KP 7 detected: False
KP 5 detected: False
KP 7 detected: False
KP 5 detected: False
KP 7 detected: False
KP 5 detected: False
KP 7 detected: False
KP 5 detected: False
KP 7 detected: False
KP 5 detected: False
KP 7 detected: False
KP 5 detected: False
KP 7 detected: False
KP 5 detected: False
KP 7 detected: False
KP 5 detected: False
KP 7 detected: False
KP 5 detected: False
KP 7 detected: False
KP 5 detected: False
KP 7 detected: False
Weekly report email sent to optimus.pascal.yin@gmail.com
KP 5 detected: False
KP 7 detected: False
Weekly report email sent to optimus.pascal.yin@gmail.com
KP 5 detected: False
KP 7 detected: False
KP 5 detected: False
KP 7 detected: False
KP 5 detected: True
KP 7 detected: False
Email sent with subject: [Aurora Report] A kp5+ forecast has been detected for the next days
Email sent with subject: [Aurora Report] A kp5+ forecast has been detected for the next days
KP 5 detected: True
KP 7 detected: False
Email sent with subject: [Aurora Report] A kp5+ forecast has been detected for the next days
Email sent with subject: [Aurora Report] A kp5+ forecast has been detected for the next days
KP 5 detected: True
KP 7 detected: False
Email sent with subject: [Aurora Report] A kp5+ forecast has been detected for the next days
Email sent with subject: [Aurora Report] A kp5+ forecast has been detected for the next days
KP 5 detected: True
KP 7 detected: False
Email sent with subject: [Aurora Report] A kp5+ forecast has been detected for the next days
Email sent with subject: [Aurora Report] A kp5+ forecast has been detected for the next days
KP 5 detected: True
KP 7 detected: False
Email sent with subject: [Aurora Report] A kp5+ forecast has been detected for the next days
Email sent with subject: [Aurora Report] A kp5+ forecast has been detected for the next days
KP 5 detected: False
KP 7 detected: False
KP 5 detected: False
KP 7 detected: False
KP 5 detected: False
KP 7 detected: False
KP 5 detected: False
KP 7 detected: False
KP 5 detected: True
KP 7 detected: False
Email sent with subject: [Aurora Report] A kp5+ forecast has been detected for the next days
Email sent with subject: [Aurora Report] A kp5+ forecast has been detected for the next days
KP 5 detected: False
KP 7 detected: False
Weekly report email sent to optimus.pascal.yin@gmail.com
KP 5 detected: False
KP 7 detected: False
Weekly report email sent to optimus.pascal.yin@gmail.com
KP 5 detected: False
KP 7 detected: False
KP 5 detected: False
KP 7 detected: False
KP 5 detected: False
KP 7 detected: False
KP 5 detected: False
KP 7 detected: False
KP 5 detected: False
KP 7 detected: False
KP 5 detected: False
KP 7 detected: False
KP 5 detected: False
KP 7 detected: False
KP 5 detected: False
KP 7 detected: False
KP 5 detected: False
KP 7 detected: False
KP 5 detected: False
KP 7 detected: False
KP 5 detected: False
KP 7 detected: False
KP 5 detected: False
KP 7 detected: False
KP 5 detected: False
KP 7 detected: False
Weekly report email sent to optimus.pascal.yin@gmail.com
KP 5 detected: False
KP 7 detected: False
Weekly report email sent to optimus.pascal.yin@gmail.com
KP 5 detected: False
KP 7 detected: False
KP 5 detected: False
KP 7 detected: False
KP 5 detected: False
KP 7 detected: False
KP 5 detected: False
KP 7 detected: False
KP 5 detected: False
KP 7 detected: False
KP 5 detected: False
KP 7 detected: False
KP 5 detected: False
KP 7 detected: False
KP 5 detected: False
KP 7 detected: False
KP 5 detected: False
KP 7 detected: False
KP 5 detected: False
KP 7 detected: False
KP 5 detected: False
KP 7 detected: False
KP 5 detected: False
KP 7 detected: False
KP 5 detected: False
KP 7 detected: False
Weekly report email sent to optimus.pascal.yin@gmail.com
KP 5 detected: False
KP 7 detected: False
Weekly report email sent to optimus.pascal.yin@gmail.com
KP 5 detected: False
KP 7 detected: False
KP 5 detected: False
KP 7 detected: False
KP 5 detected: False
KP 7 detected: False
KP 5 detected: False
KP 7 detected: False
KP 5 detected: True
KP 7 detected: False
Email sent with subject: [Aurora Report] A kp5+ forecast has been detected for the next days
Email sent with subject: [Aurora Report] A kp5+ forecast has been detected for the next days
KP 5 detected: True
KP 7 detected: False
Email sent with subject: [Aurora Report] A kp5+ forecast has been detected for the next days
Email sent with subject: [Aurora Report] A kp5+ forecast has been detected for the next days
KP 5 detected: True
KP 7 detected: False
Email sent with subject: [Aurora Report] A kp5+ forecast has been detected for the next days
Email sent with subject: [Aurora Report] A kp5+ forecast has been detected for the next days
KP 5 detected: True
KP 7 detected: False
Email sent with subject: [Aurora Report] A kp5+ forecast has been detected for the next days
Email sent with subject: [Aurora Report] A kp5+ forecast has been detected for the next days
KP 5 detected: True
KP 7 detected: False
Email sent with subject: [Aurora Report] A kp5+ forecast has been detected for the next days
Email sent with subject: [Aurora Report] A kp5+ forecast has been detected for the next days
KP 5 detected: False
KP 7 detected: False
KP 5 detected: False
KP 7 detected: False
KP 5 detected: False
KP 7 detected: False
KP 5 detected: False
KP 7 detected: False
Weekly report email sent to optimus.pascal.yin@gmail.com
KP 5 detected: False
KP 7 detected: False
Weekly report email sent to optimus.pascal.yin@gmail.com
KP 5 detected: False
KP 7 detected: False
KP 5 detected: False
KP 7 detected: False
KP 5 detected: False
KP 7 detected: False
KP 5 detected: False
KP 7 detected: False
KP 5 detected: False
KP 7 detected: False
KP 5 detected: False
KP 7 detected: False
KP 5 detected: False
KP 7 detected: False
KP 5 detected: False
KP 7 detected: False
KP 5 detected: False
KP 7 detected: False
KP 5 detected: False
KP 7 detected: False
KP 5 detected: False
KP 7 detected: False
KP 5 detected: False
KP 7 detected: False
KP 5 detected: False
KP 7 detected: False
Weekly report email sent to optimus.pascal.yin@gmail.com
KP 5 detected: False
KP 7 detected: False
Weekly report email sent to optimus.pascal.yin@gmail.com
KP 5 detected: False
KP 7 detected: False
KP 5 detected: False
KP 7 detected: False
KP 5 detected: False
KP 7 detected: False
KP 5 detected: False
KP 7 detected: False
KP 5 detected: False
KP 7 detected: False
KP 5 detected: False
KP 7 detected: False
KP 5 detected: False
KP 7 detected: False
KP 5 detected: False
KP 7 detected: False
KP 5 detected: False
KP 7 detected: False
KP 5 detected: False
KP 7 detected: False
KP 5 detected: False
KP 7 detected: False
KP 5 detected: False
KP 7 detected: False
KP 5 detected: False
KP 7 detected: False
Weekly report email sent to optimus.pascal.yin@gmail.com
KP 5 detected: False
KP 7 detected: False
Weekly report email sent to optimus.pascal.yin@gmail.com
KP 5 detected: False
KP 7 detected: False
KP 5 detected: False
KP 7 detected: False
KP 5 detected: False
KP 7 detected: False
KP 5 detected: True
KP 7 detected: False
Email sent with subject: [Aurora Report] A kp5+ forecast has been detected for the next days
Email sent with subject: [Aurora Report] A kp5+ forecast has been detected for the next days
Traceback (most recent call last):
  File "/home/ubuntu/projects/aurora/forecast_tracker.py", line 10, in <module>
    import weather_query
  File "/home/ubuntu/projects/aurora/weather_query.py", line 55, in <module>
    api_key = load_api_key("keypwd.json")
              ^^^^^^^^^^^^^^^^^^^^^^^^^^^
  File "/home/ubuntu/projects/aurora/weather_query.py", line 49, in load_api_key
    with open(file_path, "r") as file:
         ^^^^^^^^^^^^^^^^^^^^
FileNotFoundError: [Errno 2] No such file or directory: 'keypwd.json'
Traceback (most recent call last):
  File "/home/ubuntu/projects/aurora/forecast_tracker.py", line 10, in <module>
    import weather_query
  File "/home/ubuntu/projects/aurora/weather_query.py", line 55, in <module>
    api_key = load_api_key("keypwd.json")
              ^^^^^^^^^^^^^^^^^^^^^^^^^^^
  File "/home/ubuntu/projects/aurora/weather_query.py", line 49, in load_api_key
    with open(file_path, "r") as file:
         ^^^^^^^^^^^^^^^^^^^^
FileNotFoundError: [Errno 2] No such file or directory: 'keypwd.json'
KP 5 detected: False
KP 7 detected: False
./data/2024-12-19.csv
KP 5 detected: False
KP 7 detected: False
./data/2024-12-19.csv
KP 5 detected: False
KP 7 detected: False
./data/2024-12-20.csv
KP 5 detected: False
KP 7 detected: False
./data/2024-12-20.csv
KP 5 detected: False
KP 7 detected: False
./data/2024-12-21.csv
KP 5 detected: False
KP 7 detected: False
./data/2024-12-21.csv
KP 5 detected: False
KP 7 detected: False
./data/2024-12-22.csv
KP 5 detected: False
KP 7 detected: False
Weekly report email sent to optimus.pascal.yin@gmail.com
./data/2024-12-22.csv
KP 5 detected: False
KP 7 detected: False
Weekly report email sent to optimus.pascal.yin@gmail.com
./data/2024-12-23.csv
KP 5 detected: False
KP 7 detected: False
./data/2024-12-23.csv
KP 5 detected: False
KP 7 detected: False
./data/2024-12-24.csv
KP 5 detected: True
KP 7 detected: False
Email sent with subject: [Aurora Report] A kp5+ forecast has been detected for the next days
Email sent with subject: [Aurora Report] A kp5+ forecast has been detected for the next days
./data/2024-12-24.csv
KP 5 detected: True
KP 7 detected: False
Email sent with subject: [Aurora Report] A kp5+ forecast has been detected for the next days
Email sent with subject: [Aurora Report] A kp5+ forecast has been detected for the next days
./data/2024-12-25.csv
KP 5 detected: True
KP 7 detected: False
Email sent with subject: [Aurora Report] A kp5+ forecast has been detected for the next days
Email sent with subject: [Aurora Report] A kp5+ forecast has been detected for the next days
./data/2024-12-25.csv
KP 5 detected: True
KP 7 detected: False
Email sent with subject: [Aurora Report] A kp5+ forecast has been detected for the next days
Email sent with subject: [Aurora Report] A kp5+ forecast has been detected for the next days
./data/2024-12-26.csv
KP 5 detected: False
KP 7 detected: False
./data/2024-12-26.csv
KP 5 detected: False
KP 7 detected: False
./data/2024-12-27.csv
KP 5 detected: False
KP 7 detected: False
./data/2024-12-27.csv
KP 5 detected: False
KP 7 detected: False
./data/2024-12-28.csv
KP 5 detected: False
KP 7 detected: False
./data/2024-12-28.csv
KP 5 detected: False
KP 7 detected: False
./data/2024-12-29.csv
KP 5 detected: False
KP 7 detected: False
Weekly report email sent to optimus.pascal.yin@gmail.com
./data/2024-12-29.csv
KP 5 detected: False
KP 7 detected: False
Weekly report email sent to optimus.pascal.yin@gmail.com
./data/2024-12-30.csv
KP 5 detected: True
KP 7 detected: False
Email sent with subject: [Aurora Report] A kp5+ forecast has been detected for the next days
Email sent with subject: [Aurora Report] A kp5+ forecast has been detected for the next days
./data/2024-12-30.csv
KP 5 detected: True
KP 7 detected: False
Email sent with subject: [Aurora Report] A kp5+ forecast has been detected for the next days
Email sent with subject: [Aurora Report] A kp5+ forecast has been detected for the next days
./data/2024-12-31.csv
KP 5 detected: True
KP 7 detected: False
Email sent with subject: [Aurora Report] A kp5+ forecast has been detected for the next days
Email sent with subject: [Aurora Report] A kp5+ forecast has been detected for the next days
./data/2024-12-31.csv
KP 5 detected: True
KP 7 detected: False
Email sent with subject: [Aurora Report] A kp5+ forecast has been detected for the next days
Email sent with subject: [Aurora Report] A kp5+ forecast has been detected for the next days
./data/2025-01-01.csv
KP 5 detected: True
KP 7 detected: False
Email sent with subject: [Aurora Report] A kp5+ forecast has been detected for the next days
Email sent with subject: [Aurora Report] A kp5+ forecast has been detected for the next days
./data/2025-01-01.csv
KP 5 detected: True
KP 7 detected: False
Email sent with subject: [Aurora Report] A kp5+ forecast has been detected for the next days
Email sent with subject: [Aurora Report] A kp5+ forecast has been detected for the next days
./data/2025-01-02.csv
KP 5 detected: True
KP 7 detected: False
Email sent with subject: [Aurora Report] A kp5+ forecast has been detected for the next days
Email sent with subject: [Aurora Report] A kp5+ forecast has been detected for the next days
./data/2025-01-02.csv
KP 5 detected: False
KP 7 detected: False
usage: forecast_tracker.py [-h] (-n | -d DEBUG [DEBUG ...])
forecast_tracker.py: error: one of the arguments -n/--normal -d/--debug is required
usage: forecast_tracker.py [-h] (-n | -d DEBUG [DEBUG ...])
forecast_tracker.py: error: one of the arguments -n/--normal -d/--debug is required
usage: forecast_tracker.py [-h] (-n | -d DEBUG [DEBUG ...])
forecast_tracker.py: error: one of the arguments -n/--normal -d/--debug is required
usage: forecast_tracker.py [-h] (-n | -d DEBUG [DEBUG ...])
forecast_tracker.py: error: one of the arguments -n/--normal -d/--debug is required
usage: forecast_tracker.py [-h] (-n | -d DEBUG [DEBUG ...])
forecast_tracker.py: error: one of the arguments -n/--normal -d/--debug is required
./data/2025-01-05.csv
KP 5 detected: False
KP 7 detected: False
Weekly report email sent to optimus.pascal.yin@gmail.com
./data/2025-01-05.csv
KP 5 detected: False
KP 7 detected: False
Weekly report email sent to optimus.pascal.yin@gmail.com
SUCCESS: Main script executed successfully.
========== END: 2025-01-05 11:36:30 ==========
Traceback (most recent call last):
  File "/home/ubuntu/projects/aurora/forecast_tracker.py", line 329, in <module>
    main_debug(args.debug)  # 这是一个list
    ^^^^^^^^^^^^^^^^^^^^^^
  File "/home/ubuntu/projects/aurora/forecast_tracker.py", line 297, in main_debug
    raise Exception("[Debug] This is an faked error message.")
Exception: [Debug] This is an faked error message.
FAILURE: Main script encountered an error. Exit status: 1
Traceback (most recent call last):
  File "/home/ubuntu/projects/aurora/forecast_tracker.py", line 329, in <module>
    main_debug(args.debug)  # 这是一个list
    ^^^^^^^^^^^^^^^^^^^^^^
  File "/home/ubuntu/projects/aurora/forecast_tracker.py", line 297, in main_debug
    raise Exception("[Debug] This is an faked error message.")
Exception: [Debug] This is an faked error message.
FAILURE: Main script encountered an error. Exit status: 1
./data/2025-01-05.csv
KP 5 detected: False
KP 7 detected: False
Weekly report email sent to optimus.pascal.yin@gmail.com
SUCCESS: Main script executed successfully.
========== END: 2025-01-05 11:46:11 ==========
